<?xml version="1.0" encoding="UTF-8"?>
<testsuite xmlns:xsi="http://www.w3.org/2001/XMLSchema-instance" xsi:noNamespaceSchemaLocation="https://maven.apache.org/surefire/maven-surefire-plugin/xsd/surefire-test-report.xsd" name="com.company.currencyexchange.AppTest" time="0.014" tests="1" errors="0" skipped="0" failures="0">
  <properties>
    <property name="sun.desktop" value="windows"/>
    <property name="awt.toolkit" value="sun.awt.windows.WToolkit"/>
    <property name="java.specification.version" value="11"/>
    <property name="sun.cpu.isalist" value="amd64"/>
    <property name="sun.jnu.encoding" value="Cp1250"/>
    <property name="java.class.path" value="F:\Studia\3ROK\1Semestr\technologie_obiektowe\laboratorium\1\CurrencyExchange\target\test-classes;F:\Studia\3ROK\1Semestr\technologie_obiektowe\laboratorium\1\CurrencyExchange\target\classes;C:\Users\przem\.m2\repository\junit\junit\4.11\junit-4.11.jar;C:\Users\przem\.m2\repository\org\hamcrest\hamcrest-core\1.3\hamcrest-core-1.3.jar;C:\Users\przem\.m2\repository\org\projectlombok\lombok\1.18.22\lombok-1.18.22.jar;"/>
    <property name="java.vm.vendor" value="AdoptOpenJDK"/>
    <property name="sun.arch.data.model" value="64"/>
    <property name="user.variant" value=""/>
    <property name="java.vendor.url" value="https://adoptopenjdk.net/"/>
    <property name="user.timezone" value="Europe/Belgrade"/>
    <property name="java.vm.specification.version" value="11"/>
    <property name="os.name" value="Windows 10"/>
    <property name="sun.java.launcher" value="SUN_STANDARD"/>
    <property name="user.country" value="PL"/>
    <property name="sun.boot.library.path" value="F:\Programy\OpenJDK11\bin"/>
    <property name="sun.java.command" value="C:\Users\przem\AppData\Local\Temp\surefire400735335915277703\surefirebooter1693676628015813375.jar C:\Users\przem\AppData\Local\Temp\surefire400735335915277703 2021-10-18T19-09-55_611-jvmRun1 surefire12795898784519614802tmp surefire_014610479903582063741tmp"/>
    <property name="jdk.debug" value="release"/>
    <property name="surefire.test.class.path" value="F:\Studia\3ROK\1Semestr\technologie_obiektowe\laboratorium\1\CurrencyExchange\target\test-classes;F:\Studia\3ROK\1Semestr\technologie_obiektowe\laboratorium\1\CurrencyExchange\target\classes;C:\Users\przem\.m2\repository\junit\junit\4.11\junit-4.11.jar;C:\Users\przem\.m2\repository\org\hamcrest\hamcrest-core\1.3\hamcrest-core-1.3.jar;C:\Users\przem\.m2\repository\org\projectlombok\lombok\1.18.22\lombok-1.18.22.jar;"/>
    <property name="sun.cpu.endian" value="little"/>
    <property name="user.home" value="C:\Users\przem"/>
    <property name="user.language" value="pl"/>
    <property name="java.specification.vendor" value="Oracle Corporation"/>
    <property name="java.version.date" value="2021-01-19"/>
    <property name="java.home" value="F:\Programy\OpenJDK11"/>
    <property name="file.separator" value="\"/>
    <property name="basedir" value="F:\Studia\3ROK\1Semestr\technologie_obiektowe\laboratorium\1\CurrencyExchange"/>
    <property name="java.vm.compressedOopsMode" value="Zero based"/>
    <property name="line.separator" value="&#10;"/>
    <property name="java.specification.name" value="Java Platform API Specification"/>
    <property name="java.vm.specification.vendor" value="Oracle Corporation"/>
    <property name="java.awt.graphicsenv" value="sun.awt.Win32GraphicsEnvironment"/>
    <property name="idea.version2020.1.2" value="true"/>
    <property name="surefire.real.class.path" value="C:\Users\przem\AppData\Local\Temp\surefire400735335915277703\surefirebooter1693676628015813375.jar"/>
    <property name="user.script" value=""/>
    <property name="sun.management.compiler" value="HotSpot 64-Bit Tiered Compilers"/>
    <property name="java.runtime.version" value="11.0.10+9"/>
    <property name="user.name" value="przem"/>
    <property name="path.separator" value=";"/>
    <property name="os.version" value="10.0"/>
    <property name="java.runtime.name" value="OpenJDK Runtime Environment"/>
    <property name="file.encoding" value="Cp1250"/>
    <property name="java.vm.name" value="OpenJDK 64-Bit Server VM"/>
    <property name="java.vendor.version" value="AdoptOpenJDK"/>
    <property name="localRepository" value="C:\Users\przem\.m2\repository"/>
    <property name="java.vendor.url.bug" value="https://github.com/AdoptOpenJDK/openjdk-support/issues"/>
    <property name="java.io.tmpdir" value="C:\Users\przem\AppData\Local\Temp\"/>
    <property name="java.version" value="11.0.10"/>
    <property name="user.dir" value="F:\Studia\3ROK\1Semestr\technologie_obiektowe\laboratorium\1\CurrencyExchange"/>
    <property name="os.arch" value="amd64"/>
    <property name="java.vm.specification.name" value="Java Virtual Machine Specification"/>
    <property name="java.awt.printerjob" value="sun.awt.windows.WPrinterJob"/>
    <property name="sun.os.patch.level" value=""/>
    <property name="java.library.path" value="F:\Programy\OpenJDK11\bin;C:\WINDOWS\Sun\Java\bin;C:\WINDOWS\system32;C:\WINDOWS;F:\Programy\OpenJDK11\bin;C:\Program Files (x86)\NVIDIA Corporation\PhysX\Common;C:\WINDOWS\system32;C:\WINDOWS;C:\WINDOWS\System32\Wbem;C:\WINDOWS\System32\WindowsPowerShell\v1.0\;C:\WINDOWS\System32\OpenSSH\;C:\Program Files\dotnet\;F:\Programy\maven\apache-maven-3.8.1\bin;F:\Programy\gradle\gradle-7.1\bin;C:\Program Files\Git\cmd;C:\Program Files\Docker\Docker\resources\bin;C:\ProgramData\DockerDesktop\version-bin;F:\Programy\Orcad\Orcad\tools\pcb\bin;F:\Programy\Orcad\Orcad\tools\fet\bin;F:\Programy\Orcad\Orcad\OpenAccess\bin\win32\opt;F:\Programy\Orcad\Orcad\tools\bin;F:\Programy\Orcad\Orcad\tools\Capture;F:\Programy\Orcad\Orcad\tools\PSpice;C:\Users\przem\AppData\Local\Microsoft\WindowsApps;F:\Programy\Inkscape\bin;;C:\Program Files\JetBrains\PhpStorm 2021.2.2\bin;;F:\Programy\Microsoft VS Code\bin;."/>
    <property name="java.vm.info" value="mixed mode"/>
    <property name="java.vendor" value="AdoptOpenJDK"/>
    <property name="java.vm.version" value="11.0.10+9"/>
    <property name="sun.io.unicode.encoding" value="UnicodeLittle"/>
    <property name="java.class.version" value="55.0"/>
  </properties>
  <testcase name="shouldAnswerWithTrue" classname="com.company.currencyexchange.AppTest" time="0.002"/>
</testsuite>